<?xml version="1.0" encoding="UTF-8"?>
<!-- Generated by org.testng.reporters.JUnitXMLReporter -->
<testsuite ignored="0" hostname="3R2H7S2" failures="1" tests="1" name="Surefire test" time="5.375" errors="0" timestamp="15 Aug 2019 08:56:30 GMT">
  <testcase classname="runner.TestRunner" name="scenario" time="2.03">
    <failure type="java.lang.IllegalArgumentException" message="Must provide a location for a move action.">
      <![CDATA[java.lang.IllegalArgumentException: Must provide a location for a move action.
at org.openqa.selenium.interactions.MoveMouseAction.<init>(MoveMouseAction.java:38)
at org.openqa.selenium.interactions.Actions.moveToElement(Actions.java:387)
at elements.controllerImpl.Element.hoverAndClick(Element.java:35)
at pages.FEHome.navigateToTourListing(FEHome.java:21)
at stepDefs.FETourStep.userOnTheFrontEndTourListingPage(FETourStep.java:33)
at ✽.User on the Front-End Tour Listing page(src/test/resources/features/FETour.feature:12)
]]>
    </failure>
  </testcase> <!-- scenario -->
</testsuite> <!-- Surefire test -->
