<?xml version="1.0" encoding="UTF-8"?>
<testsuite xmlns:xsi="http://www.w3.org/2001/XMLSchema-instance" xsi:schemaLocation="https://maven.apache.org/surefire/maven-surefire-plugin/xsd/surefire-test-report.xsd" name="runner.TestRunner" time="6.601" tests="1" errors="0" skipped="0" failures="1">
  <properties>
[...]
</properties>
  <testcase name="scenario" classname="runner.TestRunner" time="2.034">
    <failure message="Must provide a location for a move action." type="java.lang.IllegalArgumentException">java.lang.IllegalArgumentException: Must provide a location for a move action.
</failure>
    <system-out><![CDATA[===============Platform: Windows 10
15:56:27 [main] INFO  runner.TestRunner -  ================================Start Cucumber Suite Class=====================================================
15:56:27 [main] INFO  runner.TestRunner - ------Start Scenario: FE001-Login - Search Tour successfully ---------------------
15:56:29 [main] WARN  runner.TestRunner - no such element: Unable to locate element: {"method":"xpath","selector":"//*[contains(text(), 'Tours')]/parent::a"}
  (Session info: chrome=76.0.3809.100)
  (Driver info: chromedriver=2.40.565498 (ea082db3280dd6843ebfb08a625e3eb905c4f5ab),platform=Windows NT 10.0.17763 x86_64) (WARNING: The server did not provide any stacktrace information)
Command duration or timeout: 0 milliseconds
For documentation on this error, please visit: http://seleniumhq.org/exceptions/no_such_element.html
Build info: version: '3.14.0', revision: 'aacccce0', time: '2018-08-02T20:19:58.91Z'
System info: host: '3R2H7S2', ip: '10.0.75.1', os.name: 'Windows 10', os.arch: 'amd64', os.version: '10.0', java.version: '12'
Driver info: org.openqa.selenium.chrome.ChromeDriver
Capabilities {acceptInsecureCerts: false, acceptSslCerts: false, applicationCacheEnabled: false, browserConnectionEnabled: false, browserName: chrome, chrome: {chromedriverVersion: 2.40.565498 (ea082db3280dd6..., userDataDir: C:\Users\LYTTNG~1\AppData\L...}, cssSelectorsEnabled: true, databaseEnabled: false, handlesAlerts: true, hasTouchScreen: false, javascriptEnabled: true, locationContextEnabled: true, mobileEmulationEnabled: false, nativeEvents: true, networkConnectionEnabled: false, pageLoadStrategy: normal, platform: XP, platformName: XP, rotatable: false, setWindowRect: true, takesHeapSnapshot: true, takesScreenshot: true, unexpectedAlertBehaviour: , unhandledPromptBehavior: , version: 76.0.3809.100, webStorageEnabled: true}
Session ID: 2adfd58914dfdea40c58a1dde924028c
*** Element info: {Using=xpath, value=//*[contains(text(), 'Tours')]/parent::a}
15:56:29 [main] INFO  runner.TestRunner - ------End Scenario: FE001-Login - Search Tour successfully was FAILED -----------------------
]]></system-out>
    <system-err><![CDATA[Starting ChromeDriver 2.40.565498 (ea082db3280dd6843ebfb08a625e3eb905c4f5ab) on port 23520
Only local connections are allowed.
Aug 15, 2019 3:56:27 PM org.openqa.selenium.remote.ProtocolHandshake createSession
INFO: Detected dialect: OSS
]]></system-err>
  </testcase>
</testsuite>