<?xml version="1.0" encoding="UTF-8"?>
<!-- Generated by org.testng.reporters.JUnitReportReporter -->
<testsuite hostname="3R2H7S2" failures="0" tests="1" name="runner.TestRunner" time="2.030" errors="1" timestamp="15 Aug 2019 08:56:30 GMT" skipped="0">
  <testcase classname="runner.TestRunner" name="scenario" time="2.030">
    <error message="Must provide a location for a move action." type="java.lang.IllegalArgumentException">
      <![CDATA[java.lang.IllegalArgumentException: Must provide a location for a move action.
at org.openqa.selenium.interactions.MoveMouseAction.<init>(MoveMouseAction.java:38)
at org.openqa.selenium.interactions.Actions.moveToElement(Actions.java:387)
at elements.controllerImpl.Element.hoverAndClick(Element.java:35)
at pages.FEHome.navigateToTourListing(FEHome.java:21)
at stepDefs.FETourStep.userOnTheFrontEndTourListingPage(FETourStep.java:33)
at ✽.User on the Front-End Tour Listing page(src/test/resources/features/FETour.feature:12)
]]>
    </error>
  </testcase> <!-- scenario -->
</testsuite> <!-- runner.TestRunner -->
